[2021-08-11][17:52:55][Redstone_wallet][INFO] Welcome Redstone Wallet!
[2021-08-11][17:52:55][Redstone_wallet][INFO] ALPHA 0.1-a1!
[2021-08-11][17:52:55][Redstone_wallet][INFO] TEST NET WALLET!
[2021-08-11][17:52:55][Redstone_wallet][INFO] [1] Generate a new wallet
[2021-08-11][17:52:55][Redstone_wallet][INFO] [2] Import private key
[2021-08-11][17:52:55][Redstone_wallet][INFO] [3] Import wallet file
[2021-08-11][17:52:55][Redstone_wallet][INFO] [4] exit
[2021-08-11][17:52:55][Redstone_wallet][INFO] Enter a value:
[2021-08-11][17:53:08][Redstone_wallet][ERROR] FATAL: panicked at 'called `Result::unwrap()` on an `Err` value: ParseIntError { kind: InvalidDigit }', src/main.rs:275:43
[2021-08-11][17:53:11][Redstone_wallet][INFO] Welcome Redstone Wallet!
[2021-08-11][17:53:11][Redstone_wallet][INFO] ALPHA 0.1-a1!
[2021-08-11][17:53:11][Redstone_wallet][INFO] TEST NET WALLET!
[2021-08-11][17:53:11][Redstone_wallet][INFO] [1] Generate a new wallet
[2021-08-11][17:53:11][Redstone_wallet][INFO] [2] Import private key
[2021-08-11][17:53:11][Redstone_wallet][INFO] [3] Import wallet file
[2021-08-11][17:53:11][Redstone_wallet][INFO] [4] exit
[2021-08-11][17:53:11][Redstone_wallet][INFO] Enter a value:
[2021-08-11][17:53:21][Redstone_wallet][INFO] Your wallet address:0x0f1196e3ad096410a8196ad966c3d572c5a8f0c1
[2021-08-11][17:53:21][Redstone_wallet][INFO] Private key:143c87026ecd7e41228e626a480d39c221175875119714786850eef26968d091
[2021-08-11][17:53:21][Redstone_wallet][INFO] Enter Filename: 
[2021-08-11][17:53:52][Redstone_wallet][INFO] Enter Password: 
[2021-08-11][17:54:00][Redstone_wallet][INFO] WALLET SAVED AT: ilovebigchungus69420
[2021-08-11][17:54:00][Redstone_wallet][INFO] Welcome Redstone Wallet!
[2021-08-11][17:54:00][Redstone_wallet][INFO] ALPHA 0.1-a1!
[2021-08-11][17:54:00][Redstone_wallet][INFO] TEST NET WALLET!
[2021-08-11][17:54:00][Redstone_wallet][INFO] [1] Generate a new wallet
[2021-08-11][17:54:00][Redstone_wallet][INFO] [2] Import private key
[2021-08-11][17:54:00][Redstone_wallet][INFO] [3] Import wallet file
[2021-08-11][17:54:00][Redstone_wallet][INFO] [4] exit
[2021-08-11][17:54:00][Redstone_wallet][INFO] Enter a value:
[2021-08-11][17:54:07][Redstone_wallet][INFO] Import wallet file
[2021-08-11][17:55:33][Redstone_wallet][INFO] ilovebigchungus69420

[2021-08-11][17:55:33][Redstone_wallet][INFO] Enter wallet password: 
[2021-08-11][17:55:47][Redstone_wallet][INFO] Your wallet address:0x0f1196e3ad096410a8196ad966c3d572c5a8f0c1
[2021-08-11][17:55:47][Redstone_wallet][INFO] Private key:143c87026ecd7e41228e626a480d39c221175875119714786850eef26968d091
[2021-08-11][17:55:47][Redstone_wallet][INFO] [1] Show wallet balance
[2021-08-11][17:55:47][Redstone_wallet][INFO] [2] Send Redstone
[2021-08-11][17:55:47][Redstone_wallet][INFO] [3] Show transaction history
[2021-08-11][17:55:47][Redstone_wallet][INFO] [4] Show transaction details
[2021-08-11][17:55:47][Redstone_wallet][INFO] [5] exit
[2021-08-11][17:55:47][Redstone_wallet][INFO] Enter a value:
[2021-08-11][17:56:04][Redstone_wallet][ERROR] FATAL: panicked at 'called `Result::unwrap()` on an `Err` value: ParseIntError { kind: InvalidDigit }', src/main.rs:178:43
[2021-08-11][17:56:09][Redstone_wallet][INFO] Welcome Redstone Wallet!
[2021-08-11][17:56:09][Redstone_wallet][INFO] ALPHA 0.1-a1!
[2021-08-11][17:56:09][Redstone_wallet][INFO] TEST NET WALLET!
[2021-08-11][17:56:09][Redstone_wallet][INFO] [1] Generate a new wallet
[2021-08-11][17:56:09][Redstone_wallet][INFO] [2] Import private key
[2021-08-11][17:56:09][Redstone_wallet][INFO] [3] Import wallet file
[2021-08-11][17:56:09][Redstone_wallet][INFO] [4] exit
[2021-08-11][17:56:09][Redstone_wallet][INFO] Enter a value:
[2021-08-11][17:56:16][Redstone_wallet][INFO] Bye....
[2021-08-12][15:55:43][Redstone_wallet][INFO] Welcome Redstone Wallet!
[2021-08-12][15:55:43][Redstone_wallet][INFO] ALPHA 0.1-a1!
[2021-08-12][15:55:43][Redstone_wallet][INFO] TEST NET WALLET!
[2021-08-12][15:55:43][Redstone_wallet][INFO] [1] Generate a new wallet
[2021-08-12][15:55:43][Redstone_wallet][INFO] [2] Import private key
[2021-08-12][15:55:43][Redstone_wallet][INFO] [3] Import wallet file
[2021-08-12][15:55:43][Redstone_wallet][INFO] [4] exit
[2021-08-12][15:55:43][Redstone_wallet][INFO] Enter a value:
[2021-08-12][15:55:45][Redstone_wallet][INFO] Your wallet address:0xd71553854e50fcb290da8515ff7e71a2b3d93da5
[2021-08-12][15:55:45][Redstone_wallet][INFO] Enter Filename: 
[2021-08-12][16:54:11][Redstone_wallet][INFO] Welcome Redstone Wallet!
[2021-08-12][16:54:11][Redstone_wallet][INFO] ALPHA 0.1-a1!
[2021-08-12][16:54:11][Redstone_wallet][INFO] TEST NET WALLET!
[2021-08-12][16:54:11][Redstone_wallet][INFO] [1] Generate a new wallet
[2021-08-12][16:54:11][Redstone_wallet][INFO] [2] Import private key
[2021-08-12][16:54:11][Redstone_wallet][INFO] [3] Import wallet file
[2021-08-12][16:54:11][Redstone_wallet][INFO] [4] exit
[2021-08-12][16:54:11][Redstone_wallet][INFO] Enter a value:
[2021-08-12][16:54:15][Redstone_wallet][INFO] Your wallet address:0x9e53c025d07560e870193aae495fc3890a084fe9
[2021-08-12][16:54:15][Redstone_wallet][INFO] Enter Filename: 
[2021-08-12][16:54:16][Redstone_wallet][INFO] Enter Password: 
[2021-08-12][16:54:18][Redstone_wallet][INFO] WALLET SAVED AT: a
[2021-08-12][16:54:18][Redstone_wallet][INFO] Welcome Redstone Wallet!
[2021-08-12][16:54:18][Redstone_wallet][INFO] ALPHA 0.1-a1!
[2021-08-12][16:54:18][Redstone_wallet][INFO] TEST NET WALLET!
[2021-08-12][16:54:18][Redstone_wallet][INFO] [1] Generate a new wallet
[2021-08-12][16:54:18][Redstone_wallet][INFO] [2] Import private key
[2021-08-12][16:54:18][Redstone_wallet][INFO] [3] Import wallet file
[2021-08-12][16:54:18][Redstone_wallet][INFO] [4] exit
[2021-08-12][16:54:18][Redstone_wallet][INFO] Enter a value:
[2021-08-12][16:54:20][Redstone_wallet][INFO] Import wallet file
[2021-08-12][16:54:21][Redstone_wallet][INFO] a

[2021-08-12][16:54:21][Redstone_wallet][INFO] Enter wallet password: 
[2021-08-12][16:54:24][Redstone_wallet][INFO] Your wallet address:0x9e53c025d07560e870193aae495fc3890a084fe9
[2021-08-12][16:54:24][Redstone_wallet][INFO] [1] Show wallet balance
[2021-08-12][16:54:24][Redstone_wallet][INFO] [2] Send Redstone
[2021-08-12][16:54:24][Redstone_wallet][INFO] [3] Show transaction history
[2021-08-12][16:54:24][Redstone_wallet][INFO] [4] Show transaction details
[2021-08-12][16:54:24][Redstone_wallet][INFO] [5] exit
[2021-08-12][16:54:24][Redstone_wallet][INFO] Enter a value:
[2021-08-12][16:54:24][Redstone_wallet][INFO] Sending...
[2021-08-12][16:54:24][Redstone_wallet][INFO] Your wallet address:0x9e53c025d07560e870193aae495fc3890a084fe9
[2021-08-12][16:54:24][Redstone_wallet][INFO] [1] Show wallet balance
[2021-08-12][16:54:24][Redstone_wallet][INFO] [2] Send Redstone
[2021-08-12][16:54:24][Redstone_wallet][INFO] [3] Show transaction history
[2021-08-12][16:54:24][Redstone_wallet][INFO] [4] Show transaction details
[2021-08-12][16:54:24][Redstone_wallet][INFO] [5] exit
[2021-08-12][16:54:24][Redstone_wallet][INFO] Enter a value:
[2021-08-12][16:55:10][Redstone_wallet][INFO] Welcome Redstone Wallet!
[2021-08-12][16:55:10][Redstone_wallet][INFO] ALPHA 0.1-a1!
[2021-08-12][16:55:10][Redstone_wallet][INFO] TEST NET WALLET!
[2021-08-12][16:55:10][Redstone_wallet][INFO] [1] Generate a new wallet
[2021-08-12][16:55:10][Redstone_wallet][INFO] [2] Import private key
[2021-08-12][16:55:10][Redstone_wallet][INFO] [3] Import wallet file
[2021-08-12][16:55:10][Redstone_wallet][INFO] [4] exit
[2021-08-12][16:55:10][Redstone_wallet][INFO] Enter a value:
[2021-08-12][16:55:11][Redstone_wallet][ERROR] FATAL: panicked at 'called `Result::unwrap()` on an `Err` value: ParseIntError { kind: InvalidDigit }', src/main.rs:304:43
[2021-08-12][16:55:16][Redstone_wallet][INFO] Welcome Redstone Wallet!
[2021-08-12][16:55:16][Redstone_wallet][INFO] ALPHA 0.1-a1!
[2021-08-12][16:55:16][Redstone_wallet][INFO] TEST NET WALLET!
[2021-08-12][16:55:16][Redstone_wallet][INFO] [1] Generate a new wallet
[2021-08-12][16:55:16][Redstone_wallet][INFO] [2] Import private key
[2021-08-12][16:55:16][Redstone_wallet][INFO] [3] Import wallet file
[2021-08-12][16:55:16][Redstone_wallet][INFO] [4] exit
[2021-08-12][16:55:16][Redstone_wallet][INFO] Enter a value:
[2021-08-12][16:55:17][Redstone_wallet][INFO] Import wallet file
[2021-08-12][16:55:18][Redstone_wallet][INFO] a

[2021-08-12][16:55:18][Redstone_wallet][INFO] Enter wallet password: 
[2021-08-12][16:55:21][Redstone_wallet][INFO] Your wallet address:0x9e53c025d07560e870193aae495fc3890a084fe9
[2021-08-12][16:55:21][Redstone_wallet][INFO] [1] Show wallet balance
[2021-08-12][16:55:21][Redstone_wallet][INFO] [2] Send Redstone
[2021-08-12][16:55:21][Redstone_wallet][INFO] [3] Show transaction history
[2021-08-12][16:55:21][Redstone_wallet][INFO] [4] Show transaction details
[2021-08-12][16:55:21][Redstone_wallet][INFO] [5] exit
[2021-08-12][16:55:21][Redstone_wallet][INFO] Enter a value:
[2021-08-12][16:55:22][Redstone_wallet][INFO] Sending...
[2021-08-12][16:55:22][Redstone_wallet][INFO] Your wallet address:0x9e53c025d07560e870193aae495fc3890a084fe9
[2021-08-12][16:55:22][Redstone_wallet][INFO] [1] Show wallet balance
[2021-08-12][16:55:22][Redstone_wallet][INFO] [2] Send Redstone
[2021-08-12][16:55:22][Redstone_wallet][INFO] [3] Show transaction history
[2021-08-12][16:55:22][Redstone_wallet][INFO] [4] Show transaction details
[2021-08-12][16:55:22][Redstone_wallet][INFO] [5] exit
[2021-08-12][16:55:22][Redstone_wallet][INFO] Enter a value:
[2021-08-14][10:00:18][Redstone_wallet][INFO] Welcome Redstone Wallet!
[2021-08-14][10:00:18][Redstone_wallet][INFO] ALPHA 0.1-a1!
[2021-08-14][10:00:18][Redstone_wallet][INFO] TEST NET WALLET!
[2021-08-14][10:00:18][Redstone_wallet][INFO] [1] Generate a new wallet
[2021-08-14][10:00:18][Redstone_wallet][INFO] [2] Import private key
[2021-08-14][10:00:18][Redstone_wallet][INFO] [3] Import wallet file
[2021-08-14][10:00:18][Redstone_wallet][INFO] [4] exit
[2021-08-14][10:00:18][Redstone_wallet][INFO] Enter a value:
[2021-08-14][10:00:18][launch][INFO] 🔧 Configured for staging.
[2021-08-14][10:00:18][launch_][INFO] address: [1;49;39m0.0.0.0[0m
[2021-08-14][10:00:18][launch_][INFO] port: [1;49;39m8000[0m
[2021-08-14][10:00:18][launch_][INFO] log: [1;49;39moff[0m
[2021-08-14][10:00:18][launch_][INFO] workers: [1;49;39m16[0m
[2021-08-14][10:00:18][launch_][INFO] secret key: [1;49;39mgenerated[0m
[2021-08-14][10:00:18][launch_][INFO] limits: [1;49;39mforms = 32KiB[0m
[2021-08-14][10:00:18][launch_][INFO] keep-alive: [1;49;39m5s[0m
[2021-08-14][10:00:18][launch_][INFO] read timeout: [1;49;39m5s[0m
[2021-08-14][10:00:18][launch_][INFO] write timeout: [1;49;39m5s[0m
[2021-08-14][10:00:18][launch_][INFO] tls: [1;49;39mdisabled[0m
[2021-08-14][10:00:18][rocket::rocket][INFO] 🛰  [35mMounting[0m [34m/json_rpc/[0m[35m:[0m
[2021-08-14][10:00:18][_][INFO] [32mGET[0m [34m/json_rpc[0m [36m([0m[35mmust_provide_method[0m[36m)[0m
[2021-08-14][10:00:18][launch][INFO] 🚀 [1;49;39mRocket has launched from[0m [1;4;49;39mhttp://[0m[1;4;49;39m0.0.0.0:8000[0m
[2021-08-14][10:00:33][Redstone_wallet][INFO] Your wallet address:0x0d7d2f95b0057a4491a580b1ee64d0da78acee42
[2021-08-14][10:00:33][Redstone_wallet][INFO] Enter Filename: 
[2021-08-14][10:00:38][Redstone_wallet][INFO] Welcome Redstone Wallet!
[2021-08-14][10:00:38][Redstone_wallet][INFO] ALPHA 0.1-a1!
[2021-08-14][10:00:38][Redstone_wallet][INFO] TEST NET WALLET!
[2021-08-14][10:00:38][Redstone_wallet][INFO] [1] Generate a new wallet
[2021-08-14][10:00:38][Redstone_wallet][INFO] [2] Import private key
[2021-08-14][10:00:38][Redstone_wallet][INFO] [3] Import wallet file
[2021-08-14][10:00:38][Redstone_wallet][INFO] [4] exit
[2021-08-14][10:00:38][Redstone_wallet][INFO] Enter a value:
[2021-08-14][10:00:38][launch][INFO] 🔧 Configured for staging.
[2021-08-14][10:00:38][launch_][INFO] address: [1;49;39m0.0.0.0[0m
[2021-08-14][10:00:38][launch_][INFO] port: [1;49;39m8000[0m
[2021-08-14][10:00:38][launch_][INFO] log: [1;49;39moff[0m
[2021-08-14][10:00:38][launch_][INFO] workers: [1;49;39m16[0m
[2021-08-14][10:00:38][launch_][INFO] secret key: [1;49;39mgenerated[0m
[2021-08-14][10:00:38][launch_][INFO] limits: [1;49;39mforms = 32KiB[0m
[2021-08-14][10:00:38][launch_][INFO] keep-alive: [1;49;39m5s[0m
[2021-08-14][10:00:38][launch_][INFO] read timeout: [1;49;39m5s[0m
[2021-08-14][10:00:38][launch_][INFO] write timeout: [1;49;39m5s[0m
[2021-08-14][10:00:38][launch_][INFO] tls: [1;49;39mdisabled[0m
[2021-08-14][10:00:38][rocket::rocket][INFO] 🛰  [35mMounting[0m [34m/json_rpc/[0m[35m:[0m
[2021-08-14][10:00:38][_][INFO] [32mGET[0m [34m/json_rpc[0m [36m([0m[35mmust_provide_method[0m[36m)[0m
[2021-08-14][10:00:38][launch][INFO] 🚀 [1;49;39mRocket has launched from[0m [1;4;49;39mhttp://[0m[1;4;49;39m0.0.0.0:8000[0m
[2021-08-14][10:00:48][rocket::rocket][INFO] [32mGET[0m [34m/[0m [33mtext/html[0m:
[2021-08-14][10:00:48][_][ERROR] No matching routes for [32mGET[0m [34m/[0m [33mtext/html[0m.
[2021-08-14][10:00:48][_][WARN] Responding with [31m404 Not Found[0m catcher.
[2021-08-14][10:00:48][_][INFO] [32mResponse succeeded.[0m
[2021-08-14][10:00:49][rocket::rocket][INFO] [32mGET[0m [34m/favicon.ico[0m [33mimage/avif[0m:
[2021-08-14][10:00:49][_][ERROR] No matching routes for [32mGET[0m [34m/favicon.ico[0m [33mimage/avif[0m.
[2021-08-14][10:00:49][_][WARN] Responding with [31m404 Not Found[0m catcher.
[2021-08-14][10:00:49][_][INFO] [32mResponse succeeded.[0m
[2021-08-14][10:01:52][Redstone_wallet][INFO] Welcome Redstone Wallet!
[2021-08-14][10:01:52][Redstone_wallet][INFO] ALPHA 0.1-a1!
[2021-08-14][10:01:52][Redstone_wallet][INFO] TEST NET WALLET!
[2021-08-14][10:01:52][Redstone_wallet][INFO] [1] Generate a new wallet
[2021-08-14][10:01:52][Redstone_wallet][INFO] [2] Import private key
[2021-08-14][10:01:52][Redstone_wallet][INFO] [3] Import wallet file
[2021-08-14][10:01:52][Redstone_wallet][INFO] [4] exit
[2021-08-14][10:01:52][Redstone_wallet][INFO] Enter a value:
[2021-08-14][10:01:52][launch][INFO] 🔧 Configured for staging.
[2021-08-14][10:01:52][launch_][INFO] address: [1;49;39m0.0.0.0[0m
[2021-08-14][10:01:52][launch_][INFO] port: [1;49;39m8000[0m
[2021-08-14][10:01:52][launch_][INFO] log: [1;49;39mdebug[0m
[2021-08-14][10:01:52][launch_][INFO] workers: [1;49;39m16[0m
[2021-08-14][10:01:52][launch_][INFO] secret key: [1;49;39mgenerated[0m
[2021-08-14][10:01:52][launch_][INFO] limits: [1;49;39mforms = 32KiB[0m
[2021-08-14][10:01:52][launch_][INFO] keep-alive: [1;49;39m5s[0m
[2021-08-14][10:01:52][launch_][INFO] read timeout: [1;49;39m5s[0m
[2021-08-14][10:01:52][launch_][INFO] write timeout: [1;49;39m5s[0m
[2021-08-14][10:01:52][launch_][INFO] tls: [1;49;39mdisabled[0m
[2021-08-14][10:01:52][rocket::rocket][INFO] 🛰  [35mMounting[0m [34m/json_rpc/[0m[35m:[0m
[2021-08-14][10:01:52][_][INFO] [32mGET[0m [34m/json_rpc[0m [36m([0m[35mmust_provide_method[0m[36m)[0m
[2021-08-14][10:01:52][launch][INFO] 🚀 [1;49;39mRocket has launched from[0m [1;4;49;39mhttp://[0m[1;4;49;39m0.0.0.0:8000[0m
[2021-08-14][10:02:31][Redstone_wallet][INFO] Welcome Redstone Wallet!
[2021-08-14][10:02:31][Redstone_wallet][INFO] ALPHA 0.1-a1!
[2021-08-14][10:02:31][Redstone_wallet][INFO] TEST NET WALLET!
[2021-08-14][10:02:31][Redstone_wallet][INFO] [1] Generate a new wallet
[2021-08-14][10:02:31][Redstone_wallet][INFO] [2] Import private key
[2021-08-14][10:02:31][Redstone_wallet][INFO] [3] Import wallet file
[2021-08-14][10:02:31][Redstone_wallet][INFO] [4] exit
[2021-08-14][10:02:31][Redstone_wallet][INFO] Enter a value:
[2021-08-14][10:02:31][launch][INFO] 🔧 Configured for staging.
[2021-08-14][10:02:31][launch_][INFO] address: [1;49;39m0.0.0.0[0m
[2021-08-14][10:02:31][launch_][INFO] port: [1;49;39m8000[0m
[2021-08-14][10:02:31][launch_][INFO] log: [1;49;39mcritical[0m
[2021-08-14][10:02:31][launch_][INFO] workers: [1;49;39m16[0m
[2021-08-14][10:02:31][launch_][INFO] secret key: [1;49;39mgenerated[0m
[2021-08-14][10:02:31][launch_][INFO] limits: [1;49;39mforms = 32KiB[0m
[2021-08-14][10:02:31][launch_][INFO] keep-alive: [1;49;39m5s[0m
[2021-08-14][10:02:31][launch_][INFO] read timeout: [1;49;39m5s[0m
[2021-08-14][10:02:31][launch_][INFO] write timeout: [1;49;39m5s[0m
[2021-08-14][10:02:31][launch_][INFO] tls: [1;49;39mdisabled[0m
[2021-08-14][10:02:31][rocket::rocket][INFO] 🛰  [35mMounting[0m [34m/json_rpc/[0m[35m:[0m
[2021-08-14][10:02:31][_][INFO] [32mGET[0m [34m/json_rpc[0m [36m([0m[35mmust_provide_method[0m[36m)[0m
[2021-08-14][10:02:31][launch][INFO] 🚀 [1;49;39mRocket has launched from[0m [1;4;49;39mhttp://[0m[1;4;49;39m0.0.0.0:8000[0m
[2021-08-14][10:06:37][Redstone_wallet][INFO] Welcome Redstone Wallet!
[2021-08-14][10:06:37][Redstone_wallet][INFO] ALPHA 0.1-a1!
[2021-08-14][10:06:37][Redstone_wallet][INFO] TEST NET WALLET!
[2021-08-14][10:06:37][Redstone_wallet][INFO] [1] Generate a new wallet
[2021-08-14][10:06:37][Redstone_wallet][INFO] [2] Import private key
[2021-08-14][10:06:37][Redstone_wallet][INFO] [3] Import wallet file
[2021-08-14][10:06:37][Redstone_wallet][INFO] [4] exit
[2021-08-14][10:06:37][Redstone_wallet][INFO] Enter a value:
[2021-08-14][10:06:37][launch][INFO] 🔧 Configured for staging.
[2021-08-14][10:06:37][launch_][INFO] address: [1;49;39m0.0.0.0[0m
[2021-08-14][10:06:37][launch_][INFO] port: [1;49;39m8000[0m
[2021-08-14][10:06:37][launch_][INFO] log: [1;49;39mcritical[0m
[2021-08-14][10:06:37][launch_][INFO] workers: [1;49;39m16[0m
[2021-08-14][10:06:37][launch_][INFO] secret key: [1;49;39mgenerated[0m
[2021-08-14][10:06:37][launch_][INFO] limits: [1;49;39mforms = 32KiB[0m
[2021-08-14][10:06:37][launch_][INFO] keep-alive: [1;49;39m5s[0m
[2021-08-14][10:06:37][launch_][INFO] read timeout: [1;49;39m5s[0m
[2021-08-14][10:06:37][launch_][INFO] write timeout: [1;49;39m5s[0m
[2021-08-14][10:06:37][launch_][INFO] tls: [1;49;39mdisabled[0m
[2021-08-14][10:06:37][_][INFO] [32mGET[0m [34m/json_rpc[0m [36m([0m[35mmust_provide_method[0m[36m)[0m
[2021-08-14][10:06:37][launch][INFO] 🚀 [1;49;39mRocket has launched from[0m [1;4;49;39mhttp://[0m[1;4;49;39m0.0.0.0:8000[0m
[2021-08-14][10:07:02][Redstone_wallet][INFO] Welcome Redstone Wallet!
[2021-08-14][10:07:02][Redstone_wallet][INFO] ALPHA 0.1-a1!
[2021-08-14][10:07:02][Redstone_wallet][INFO] TEST NET WALLET!
[2021-08-14][10:07:02][Redstone_wallet][INFO] [1] Generate a new wallet
[2021-08-14][10:07:02][Redstone_wallet][INFO] [2] Import private key
[2021-08-14][10:07:02][Redstone_wallet][INFO] [3] Import wallet file
[2021-08-14][10:07:02][Redstone_wallet][INFO] [4] exit
[2021-08-14][10:07:02][Redstone_wallet][INFO] Enter a value:
[2021-08-14][10:07:02][launch][INFO] 🔧 Configured for staging.
[2021-08-14][10:07:02][rocket::rocket][INFO] 🛰  [35mMounting[0m [34m/json_rpc/[0m[35m:[0m
[2021-08-14][10:07:02][_][INFO] [32mGET[0m [34m/json_rpc[0m [36m([0m[35mmust_provide_method[0m[36m)[0m
[2021-08-14][10:07:02][launch][INFO] 🚀 [1;49;39mRocket has launched from[0m [1;4;49;39mhttp://[0m[1;4;49;39m0.0.0.0:8000[0m
[2021-08-14][10:07:34][Redstone_wallet][INFO] Welcome Redstone Wallet!
[2021-08-14][10:07:34][Redstone_wallet][INFO] ALPHA 0.1-a1!
[2021-08-14][10:07:34][Redstone_wallet][INFO] TEST NET WALLET!
[2021-08-14][10:07:34][Redstone_wallet][INFO] [1] Generate a new wallet
[2021-08-14][10:07:34][Redstone_wallet][INFO] [2] Import private key
[2021-08-14][10:07:34][Redstone_wallet][INFO] [3] Import wallet file
[2021-08-14][10:07:34][Redstone_wallet][INFO] [4] exit
[2021-08-14][10:07:34][Redstone_wallet][INFO] Enter a value:
[2021-08-14][10:07:34][_][INFO] [32mGET[0m [34m/json_rpc[0m [36m([0m[35mmust_provide_method[0m[36m)[0m
[2021-08-14][10:07:50][Redstone_wallet][INFO] Welcome Redstone Wallet!
[2021-08-14][10:07:50][Redstone_wallet][INFO] ALPHA 0.1-a1!
[2021-08-14][10:07:50][Redstone_wallet][INFO] TEST NET WALLET!
[2021-08-14][10:07:50][Redstone_wallet][INFO] [1] Generate a new wallet
[2021-08-14][10:07:50][Redstone_wallet][INFO] [2] Import private key
[2021-08-14][10:07:50][Redstone_wallet][INFO] [3] Import wallet file
[2021-08-14][10:07:50][Redstone_wallet][INFO] [4] exit
[2021-08-14][10:07:50][Redstone_wallet][INFO] Enter a value:
[2021-08-14][10:07:50][_][INFO] [32mGET[0m [34m/json_rpc[0m [36m([0m[35mmust_provide_method[0m[36m)[0m
[2021-08-14][10:08:16][Redstone_wallet][INFO] Welcome Redstone Wallet!
[2021-08-14][10:08:16][Redstone_wallet][INFO] ALPHA 0.1-a1!
[2021-08-14][10:08:16][Redstone_wallet][INFO] TEST NET WALLET!
[2021-08-14][10:08:16][Redstone_wallet][INFO] [1] Generate a new wallet
[2021-08-14][10:08:16][Redstone_wallet][INFO] [2] Import private key
[2021-08-14][10:08:16][Redstone_wallet][INFO] [3] Import wallet file
[2021-08-14][10:08:16][Redstone_wallet][INFO] [4] exit
[2021-08-14][10:08:16][Redstone_wallet][INFO] Enter a value:
[2021-08-14][10:09:10][Redstone_wallet][INFO] Welcome Redstone Wallet!
[2021-08-14][10:09:10][Redstone_wallet][INFO] ALPHA 0.1-a1!
[2021-08-14][10:09:10][Redstone_wallet][INFO] TEST NET WALLET!
[2021-08-14][10:09:10][Redstone_wallet][INFO] [1] Generate a new wallet
[2021-08-14][10:09:10][Redstone_wallet][INFO] [2] Import private key
[2021-08-14][10:09:10][Redstone_wallet][INFO] [3] Import wallet file
[2021-08-14][10:09:10][Redstone_wallet][INFO] [4] exit
[2021-08-14][10:09:10][Redstone_wallet][INFO] Enter a value:
